run eth historical transfer tasks
============================== taskset in cpu: (0) ==============================
parallel units:  1
deploy mytoken contract finished, address:  0x782Ba33fB0ffF17e8297452243399a830BA5fCe6
mint for all accounts...
mint finish:  7m17.311315697s write db:  1m17.30687292s
mint for all accounts finish.
tasks: 1000 elapse: 2.357235958  parallel tps:  424
tasks: 1000 elapse: 2.046932726  parallel tps:  488
tasks: 1000 elapse: 2.910555375  parallel tps:  343
tasks: 1000 elapse: 2.801216599  parallel tps:  356
tasks: 1000 elapse: 2.873235414  parallel tps:  348
tasks: 1000 elapse: 2.933262143  parallel tps:  340
tasks: 1000 elapse: 3.026905855  parallel tps:  330
tasks: 1000 elapse: 2.827506818  parallel tps:  353
tasks: 1000 elapse: 2.993079595  parallel tps:  334
tasks: 1000 elapse: 2.643340729  parallel tps:  378


============================== taskset in cpu: (0,1) ==============================
parallel units:  2
deploy mytoken contract finished, address:  0xf65e69FDdb9E4D89E619BCb21B37a686d9461e96
mint for all accounts...
mint finish:  7m4.822499494s write db:  1m11.436976197s
mint for all accounts finish.
tasks: 1000 elapse: 4.694978169  parallel tps:  212
tasks: 1000 elapse: 4.248366698  parallel tps:  235
tasks: 1000 elapse: 4.111230815  parallel tps:  243
tasks: 1000 elapse: 3.9433301419999998  parallel tps:  253
tasks: 1000 elapse: 3.931376197  parallel tps:  254
tasks: 1000 elapse: 4.245960201  parallel tps:  235
tasks: 1000 elapse: 3.945260565  parallel tps:  253
tasks: 1000 elapse: 4.478839123  parallel tps:  223
tasks: 1000 elapse: 4.68992636  parallel tps:  213
tasks: 1000 elapse: 3.867344734  parallel tps:  258


============================== taskset in cpu: (0,1,2,3) ==============================
parallel units:  4
deploy mytoken contract finished, address:  0xd6c58AaF994Ebc51d6B5eEeF3b67F0bcbCD993Ad
mint for all accounts...
mint finish:  6m58.221768033s write db:  1m10.120946374s
mint for all accounts finish.
tasks: 1000 elapse: 3.97697913  parallel tps:  251
tasks: 1000 elapse: 2.5765639609999997  parallel tps:  388
tasks: 1000 elapse: 2.355756658  parallel tps:  424
tasks: 1000 elapse: 2.466797037  parallel tps:  405
tasks: 1000 elapse: 2.520531348  parallel tps:  396
tasks: 1000 elapse: 2.541484712  parallel tps:  393
tasks: 1000 elapse: 2.719369751  parallel tps:  367
tasks: 1000 elapse: 2.870159824  parallel tps:  348
tasks: 1000 elapse: 2.813118627  parallel tps:  355
tasks: 1000 elapse: 2.333834727  parallel tps:  428


============================== taskset in cpu: (0,1,2,3,4,5,6,7) ==============================
parallel units:  8
deploy mytoken contract finished, address:  0x37EaE0b4d25b76b0504BCF76B9F2a7a1f9Bb14C1
mint for all accounts...
mint finish:  6m57.629337998s write db:  1m9.898002831s
mint for all accounts finish.
tasks: 1000 elapse: 3.435491024  parallel tps:  291
tasks: 1000 elapse: 1.5611357689999998  parallel tps:  640
tasks: 1000 elapse: 1.936708042  parallel tps:  516
tasks: 1000 elapse: 1.826660184  parallel tps:  547
tasks: 1000 elapse: 1.8671178  parallel tps:  535
tasks: 1000 elapse: 1.9609708559999999  parallel tps:  509
tasks: 1000 elapse: 2.062273097  parallel tps:  484
tasks: 1000 elapse: 2.083866746  parallel tps:  479
tasks: 1000 elapse: 1.963535813  parallel tps:  509
tasks: 1000 elapse: 1.77124904  parallel tps:  564


============================== taskset in cpu: (0,1,2,3,4,5,6,7,8,9,10,11,12,13,14,15) ==============================
parallel units:  16
deploy mytoken contract finished, address:  0x1C0299053D26730c242c6D493AC9d1a4087Ebe90
mint for all accounts...
mint finish:  6m56.545732983s write db:  1m9.606360224s
mint for all accounts finish.
tasks: 1000 elapse: 3.448912075  parallel tps:  289
tasks: 1000 elapse: 1.683544366  parallel tps:  593
tasks: 1000 elapse: 1.389503986  parallel tps:  719
tasks: 1000 elapse: 1.426783697  parallel tps:  700
tasks: 1000 elapse: 1.487318201  parallel tps:  672
tasks: 1000 elapse: 1.484080824  parallel tps:  673
tasks: 1000 elapse: 1.726004442  parallel tps:  579
tasks: 1000 elapse: 1.72117392  parallel tps:  580
tasks: 1000 elapse: 1.576710697  parallel tps:  634
tasks: 1000 elapse: 1.439320441  parallel tps:  694


============================== taskset in cpu: (0,1,2,3,4,5,6,7,8,9,10,11,12,13,14,15,16,17,18,19,20,21,22,23,24,25,26,27,28,29,30,31) ==============================
parallel units:  32
deploy mytoken contract finished, address:  0x8aF6fC7924fE94591ff7112011859db02c42Fd9d
mint for all accounts...
mint finish:  6m59.079308771s write db:  1m9.905372136s
mint for all accounts finish.
tasks: 1000 elapse: 4.003177732  parallel tps:  249
tasks: 1000 elapse: 1.277591024  parallel tps:  782
tasks: 1000 elapse: 1.975623718  parallel tps:  506
tasks: 1000 elapse: 1.529894154  parallel tps:  653
tasks: 1000 elapse: 1.475946201  parallel tps:  677
tasks: 1000 elapse: 1.453781124  parallel tps:  687
tasks: 1000 elapse: 1.6293360799999999  parallel tps:  613
tasks: 1000 elapse: 1.659096991  parallel tps:  602
tasks: 1000 elapse: 1.553606257  parallel tps:  643
tasks: 1000 elapse: 1.400494435  parallel tps:  714


============================== taskset in cpu: (0,1,2,3,4,5,6,7,8,9,10,11,12,13,14,15,16,17,18,19,20,21,22,23,24,25,26,27,28,29,30,31,32,33,34,35,36,37,38,39,40,41,42,43,44,45,46,47,48,49,50,51,52,53,54,55,56,57,58,59,60,61,62,63) ==============================
parallel units:  64
deploy mytoken contract finished, address:  0x91BA5A36Cc2F09AcBe1b28bB3E2E5c258521b9fC
mint for all accounts...
mint finish:  7m1.780773879s write db:  1m10.47160554s
mint for all accounts finish.
tasks: 1000 elapse: 4.166025554  parallel tps:  240
tasks: 1000 elapse: 1.290814048  parallel tps:  774
tasks: 1000 elapse: 1.71737563  parallel tps:  582
tasks: 1000 elapse: 1.615010049  parallel tps:  619
tasks: 1000 elapse: 1.562888295  parallel tps:  639
tasks: 1000 elapse: 1.6468249510000001  parallel tps:  607
tasks: 1000 elapse: 1.7697705620000002  parallel tps:  565
tasks: 1000 elapse: 1.797738764  parallel tps:  556
tasks: 1000 elapse: 1.673171053  parallel tps:  597
tasks: 1000 elapse: 1.541987587  parallel tps:  648



============================== finalize ==============================
parallel execution tps: [350,239,390,512,653,648,602]
speed up: [1.00,0.68,1.11,1.46,1.86,1.85,1.72]
