run kitty tasks
============================== taskset in cpu: (0) ==============================
2024-06-20T04:45:17.662853Z [main] WARN crates/node-resource-metrics/src/lib.rs:47 Failed to register collector: Duplicate metrics collector registration attempted
2024-06-20T04:45:17.663516Z [main] INFO crates/aptos-push-metrics/src/lib.rs:99 PUSH_METRICS_ENDPOINT env var is not set. Skipping sending metrics.
2024-06-20T04:45:17.663561Z [main] INFO crates/aptos-push-metrics/src/lib.rs:193 Execution dashboard link: https://aptoslabs.grafana.net/d/execution/execution?from=1718858117663&to=1718858717663&var-Datasource=fHo-R604z&var-metrics_source=All&var-chain_name=block-stm-benchmark&var-cluster=All&var-namespace=1718858717663509185&var-kubernetes_pod_name=All&var-role=All 
2024-06-20T04:45:19.659246Z [main] INFO aptos-move/block-executor/src/limit_processor.rs:211 [BlockSTM]: Sequential execution completed. 2001 out of 2001 txns committed {"approx_output_size":0,"block_gas_limit":0,"block_gas_limit_exceeded":false,"block_output_limit":0,"block_output_limit_exceeded":false,"effective_block_gas":27724}
execute breed for kitty...
Parallel execution starts...
2024-06-20T04:45:33.960131Z [main] INFO aptos-move/block-executor/src/limit_processor.rs:211 [BlockSTM]: Sequential execution completed. 10000 out of 10000 txns committed {"approx_output_size":0,"block_gas_limit":0,"block_gas_limit_exceeded":false,"block_output_limit":0,"block_output_limit_exceeded":false,"effective_block_gas":229968}
exec total: 13044870316 
Parallel execution finishes, TPS = 766
Sequential execution starts...
2024-06-20T04:45:46.995951Z [main] INFO aptos-move/block-executor/src/limit_processor.rs:211 [BlockSTM]: Sequential execution completed. 10000 out of 10000 txns committed {"approx_output_size":0,"block_gas_limit":0,"block_gas_limit_exceeded":false,"block_output_limit":0,"block_output_limit_exceeded":false,"effective_block_gas":229968}
exec total: 13036492089 
Sequential execution finishes, TPS = 767
Parallel TPS: 766
Sequential TPS: 767
Speed up 1.00x over sequential


============================== taskset in cpu: (0,1) ==============================
2024-06-20T04:45:57.015810Z [main] WARN crates/node-resource-metrics/src/lib.rs:47 Failed to register collector: Duplicate metrics collector registration attempted
2024-06-20T04:45:57.016471Z [main] INFO crates/aptos-push-metrics/src/lib.rs:99 PUSH_METRICS_ENDPOINT env var is not set. Skipping sending metrics.
2024-06-20T04:45:57.016516Z [main] INFO crates/aptos-push-metrics/src/lib.rs:193 Execution dashboard link: https://aptoslabs.grafana.net/d/execution/execution?from=1718858157016&to=1718858757016&var-Datasource=fHo-R604z&var-metrics_source=All&var-chain_name=block-stm-benchmark&var-cluster=All&var-namespace=1718858757016465320&var-kubernetes_pod_name=All&var-role=All 
2024-06-20T04:45:59.015286Z [par_exec_0] INFO aptos-move/block-executor/src/limit_processor.rs:211 [BlockSTM]: Parallel execution completed. 2001 out of 2001 txns committed {"approx_output_size":0,"block_gas_limit":0,"block_gas_limit_exceeded":false,"block_output_limit":0,"block_output_limit_exceeded":false,"effective_block_gas":27724}
execution_total:3009, validation_total:3010, abort:1008, suspend:1004, avg_suspend_time:679.99 us, suspend_time_total:682707.20 us
execute breed for kitty...
Parallel execution starts...
2024-06-20T04:46:07.350103Z [par_exec_1] INFO aptos-move/block-executor/src/limit_processor.rs:211 [BlockSTM]: Parallel execution completed. 10000 out of 10000 txns committed {"approx_output_size":0,"block_gas_limit":0,"block_gas_limit_exceeded":false,"block_output_limit":0,"block_output_limit_exceeded":false,"effective_block_gas":229967}
execution_total:13255, validation_total:13267, abort:1254, suspend:1235, avg_suspend_time:663.17 us, suspend_time_total:819016.62 us
exec total: 7103387348 
Parallel execution finishes, TPS = 1407
Sequential execution starts...
2024-06-20T04:46:20.260685Z [main] INFO aptos-move/block-executor/src/limit_processor.rs:211 [BlockSTM]: Sequential execution completed. 10000 out of 10000 txns committed {"approx_output_size":0,"block_gas_limit":0,"block_gas_limit_exceeded":false,"block_output_limit":0,"block_output_limit_exceeded":false,"effective_block_gas":229967}
exec total: 12921084046 
Sequential execution finishes, TPS = 773
Parallel TPS: 1407
Sequential TPS: 773
Speed up 1.82x over sequential


============================== taskset in cpu: (0,1,2,3) ==============================
2024-06-20T04:46:30.198405Z [main] WARN crates/node-resource-metrics/src/lib.rs:47 Failed to register collector: Duplicate metrics collector registration attempted
2024-06-20T04:46:30.199040Z [main] INFO crates/aptos-push-metrics/src/lib.rs:99 PUSH_METRICS_ENDPOINT env var is not set. Skipping sending metrics.
2024-06-20T04:46:30.199088Z [main] INFO crates/aptos-push-metrics/src/lib.rs:193 Execution dashboard link: https://aptoslabs.grafana.net/d/execution/execution?from=1718858190199&to=1718858790199&var-Datasource=fHo-R604z&var-metrics_source=All&var-chain_name=block-stm-benchmark&var-cluster=All&var-namespace=1718858790199033503&var-kubernetes_pod_name=All&var-role=All 
2024-06-20T04:46:32.142213Z [par_exec_1] INFO aptos-move/block-executor/src/limit_processor.rs:211 [BlockSTM]: Parallel execution completed. 2001 out of 2001 txns committed {"approx_output_size":0,"block_gas_limit":0,"block_gas_limit_exceeded":false,"block_output_limit":0,"block_output_limit_exceeded":false,"effective_block_gas":27724}
execution_total:3619, validation_total:3635, abort:1618, suspend:2432, avg_suspend_time:1070.87 us, suspend_time_total:2604359.03 us
execute breed for kitty...
Parallel execution starts...
2024-06-20T04:46:40.595500Z [par_exec_3] INFO aptos-move/block-executor/src/limit_processor.rs:211 [BlockSTM]: Parallel execution completed. 10000 out of 10000 txns committed {"approx_output_size":0,"block_gas_limit":0,"block_gas_limit_exceeded":false,"block_output_limit":0,"block_output_limit_exceeded":false,"effective_block_gas":229968}
execution_total:19857, validation_total:19948, abort:7856, suspend:11649, avg_suspend_time:748.74 us, suspend_time_total:8722106.91 us
exec total: 7206433726 
Parallel execution finishes, TPS = 1387
Sequential execution starts...
2024-06-20T04:46:53.386276Z [main] INFO aptos-move/block-executor/src/limit_processor.rs:211 [BlockSTM]: Sequential execution completed. 10000 out of 10000 txns committed {"approx_output_size":0,"block_gas_limit":0,"block_gas_limit_exceeded":false,"block_output_limit":0,"block_output_limit_exceeded":false,"effective_block_gas":229968}
exec total: 12807605044 
Sequential execution finishes, TPS = 780
Parallel TPS: 1387
Sequential TPS: 780
Speed up 1.78x over sequential


============================== taskset in cpu: (0,1,2,3,4,5,6,7) ==============================
2024-06-20T04:47:03.285168Z [main] WARN crates/node-resource-metrics/src/lib.rs:47 Failed to register collector: Duplicate metrics collector registration attempted
2024-06-20T04:47:03.285806Z [main] INFO crates/aptos-push-metrics/src/lib.rs:99 PUSH_METRICS_ENDPOINT env var is not set. Skipping sending metrics.
2024-06-20T04:47:03.285849Z [main] INFO crates/aptos-push-metrics/src/lib.rs:193 Execution dashboard link: https://aptoslabs.grafana.net/d/execution/execution?from=1718858223285&to=1718858823285&var-Datasource=fHo-R604z&var-metrics_source=All&var-chain_name=block-stm-benchmark&var-cluster=All&var-namespace=1718858823285799322&var-kubernetes_pod_name=All&var-role=All 
2024-06-20T04:47:05.218752Z [par_exec_4] INFO aptos-move/block-executor/src/limit_processor.rs:211 [BlockSTM]: Parallel execution completed. 2001 out of 2001 txns committed {"approx_output_size":0,"block_gas_limit":0,"block_gas_limit_exceeded":false,"block_output_limit":0,"block_output_limit_exceeded":false,"effective_block_gas":27724}
execution_total:3874, validation_total:3909, abort:1873, suspend:2651, avg_suspend_time:2929.35 us, suspend_time_total:7765714.15 us
execute breed for kitty...
Parallel execution starts...
2024-06-20T04:47:11.002706Z [par_exec_2] INFO aptos-move/block-executor/src/limit_processor.rs:211 [BlockSTM]: Parallel execution completed. 10000 out of 10000 txns committed {"approx_output_size":0,"block_gas_limit":0,"block_gas_limit_exceeded":false,"block_output_limit":0,"block_output_limit_exceeded":false,"effective_block_gas":229972}
execution_total:23044, validation_total:23450, abort:11043, suspend:14295, avg_suspend_time:1193.16 us, suspend_time_total:17056230.19 us
exec total: 4548540582 
Parallel execution finishes, TPS = 2198
Sequential execution starts...
2024-06-20T04:47:23.935614Z [main] INFO aptos-move/block-executor/src/limit_processor.rs:211 [BlockSTM]: Sequential execution completed. 10000 out of 10000 txns committed {"approx_output_size":0,"block_gas_limit":0,"block_gas_limit_exceeded":false,"block_output_limit":0,"block_output_limit_exceeded":false,"effective_block_gas":229972}
exec total: 12953536039 
Sequential execution finishes, TPS = 772
Parallel TPS: 2198
Sequential TPS: 772
Speed up 2.85x over sequential


============================== taskset in cpu: (0,1,2,3,4,5,6,7,8,9,10,11,12,13,14,15) ==============================
2024-06-20T04:47:33.904492Z [main] WARN crates/node-resource-metrics/src/lib.rs:47 Failed to register collector: Duplicate metrics collector registration attempted
2024-06-20T04:47:33.905123Z [main] INFO crates/aptos-push-metrics/src/lib.rs:99 PUSH_METRICS_ENDPOINT env var is not set. Skipping sending metrics.
2024-06-20T04:47:33.905167Z [main] INFO crates/aptos-push-metrics/src/lib.rs:193 Execution dashboard link: https://aptoslabs.grafana.net/d/execution/execution?from=1718858253905&to=1718858853905&var-Datasource=fHo-R604z&var-metrics_source=All&var-chain_name=block-stm-benchmark&var-cluster=All&var-namespace=1718858853905116675&var-kubernetes_pod_name=All&var-role=All 
2024-06-20T04:47:35.856575Z [par_exec_7] INFO aptos-move/block-executor/src/limit_processor.rs:211 [BlockSTM]: Parallel execution completed. 2001 out of 2001 txns committed {"approx_output_size":0,"block_gas_limit":0,"block_gas_limit_exceeded":false,"block_output_limit":0,"block_output_limit_exceeded":false,"effective_block_gas":27724}
execution_total:3953, validation_total:4001, abort:1952, suspend:2795, avg_suspend_time:6674.08 us, suspend_time_total:18654058.01 us
execute breed for kitty...
Parallel execution starts...
2024-06-20T04:47:41.134929Z [par_exec_8] INFO aptos-move/block-executor/src/limit_processor.rs:211 [BlockSTM]: Parallel execution completed. 10000 out of 10000 txns committed {"approx_output_size":0,"block_gas_limit":0,"block_gas_limit_exceeded":false,"block_output_limit":0,"block_output_limit_exceeded":false,"effective_block_gas":229966}
execution_total:23850, validation_total:24455, abort:11849, suspend:16002, avg_suspend_time:3432.22 us, suspend_time_total:54922337.09 us
exec total: 4039410865 
Parallel execution finishes, TPS = 2475
Sequential execution starts...
2024-06-20T04:47:54.154593Z [main] INFO aptos-move/block-executor/src/limit_processor.rs:211 [BlockSTM]: Sequential execution completed. 10000 out of 10000 txns committed {"approx_output_size":0,"block_gas_limit":0,"block_gas_limit_exceeded":false,"block_output_limit":0,"block_output_limit_exceeded":false,"effective_block_gas":229966}
exec total: 13051430746 
Sequential execution finishes, TPS = 766
Parallel TPS: 2475
Sequential TPS: 766
Speed up 3.23x over sequential


============================== taskset in cpu: (0,1,2,3,4,5,6,7,8,9,10,11,12,13,14,15,16,17,18,19,20,21,22,23,24,25,26,27,28,29,30,31) ==============================
2024-06-20T04:48:04.073417Z [main] WARN crates/node-resource-metrics/src/lib.rs:47 Failed to register collector: Duplicate metrics collector registration attempted
2024-06-20T04:48:04.074049Z [main] INFO crates/aptos-push-metrics/src/lib.rs:99 PUSH_METRICS_ENDPOINT env var is not set. Skipping sending metrics.
2024-06-20T04:48:04.074094Z [main] INFO crates/aptos-push-metrics/src/lib.rs:193 Execution dashboard link: https://aptoslabs.grafana.net/d/execution/execution?from=1718858284074&to=1718858884074&var-Datasource=fHo-R604z&var-metrics_source=All&var-chain_name=block-stm-benchmark&var-cluster=All&var-namespace=1718858884074042189&var-kubernetes_pod_name=All&var-role=All 
2024-06-20T04:48:06.112925Z [par_exec_2] INFO aptos-move/block-executor/src/limit_processor.rs:211 [BlockSTM]: Parallel execution completed. 2001 out of 2001 txns committed {"approx_output_size":0,"block_gas_limit":0,"block_gas_limit_exceeded":false,"block_output_limit":0,"block_output_limit_exceeded":false,"effective_block_gas":27724}
execution_total:3999, validation_total:4058, abort:1998, suspend:2541, avg_suspend_time:16670.22 us, suspend_time_total:42359018.63 us
execute breed for kitty...
Parallel execution starts...
2024-06-20T04:48:11.434533Z [par_exec_18] INFO aptos-move/block-executor/src/limit_processor.rs:211 [BlockSTM]: Parallel execution completed. 10000 out of 10000 txns committed {"approx_output_size":0,"block_gas_limit":0,"block_gas_limit_exceeded":false,"block_output_limit":0,"block_output_limit_exceeded":false,"effective_block_gas":229969}
execution_total:24141, validation_total:24746, abort:12140, suspend:15790, avg_suspend_time:9040.59 us, suspend_time_total:142750914.22 us
exec total: 4082171203 
Parallel execution finishes, TPS = 2449
Sequential execution starts...
2024-06-20T04:48:24.474470Z [main] INFO aptos-move/block-executor/src/limit_processor.rs:211 [BlockSTM]: Sequential execution completed. 10000 out of 10000 txns committed {"approx_output_size":0,"block_gas_limit":0,"block_gas_limit_exceeded":false,"block_output_limit":0,"block_output_limit_exceeded":false,"effective_block_gas":229969}
exec total: 13087074193 
Sequential execution finishes, TPS = 764
Parallel TPS: 2449
Sequential TPS: 764
Speed up 3.21x over sequential


============================== taskset in cpu: (0,1,2,3,4,5,6,7,8,9,10,11,12,13,14,15,16,17,18,19,20,21,22,23,24,25,26,27,28,29,30,31,32,33,34,35,36,37,38,39,40,41,42,43,44,45,46,47,48,49,50,51,52,53,54,55,56,57,58,59,60,61,62,63) ==============================
2024-06-20T04:48:34.443969Z [main] WARN crates/node-resource-metrics/src/lib.rs:47 Failed to register collector: Duplicate metrics collector registration attempted
2024-06-20T04:48:34.444631Z [main] INFO crates/aptos-push-metrics/src/lib.rs:99 PUSH_METRICS_ENDPOINT env var is not set. Skipping sending metrics.
2024-06-20T04:48:34.444676Z [main] INFO crates/aptos-push-metrics/src/lib.rs:193 Execution dashboard link: https://aptoslabs.grafana.net/d/execution/execution?from=1718858314444&to=1718858914444&var-Datasource=fHo-R604z&var-metrics_source=All&var-chain_name=block-stm-benchmark&var-cluster=All&var-namespace=1718858914444625271&var-kubernetes_pod_name=All&var-role=All 
2024-06-20T04:48:36.682610Z [par_exec_15] INFO aptos-move/block-executor/src/limit_processor.rs:211 [BlockSTM]: Parallel execution completed. 2001 out of 2001 txns committed {"approx_output_size":0,"block_gas_limit":0,"block_gas_limit_exceeded":false,"block_output_limit":0,"block_output_limit_exceeded":false,"effective_block_gas":27724}
execution_total:4004, validation_total:4045, abort:2003, suspend:2246, avg_suspend_time:42045.13 us, suspend_time_total:94433360.14 us
execute breed for kitty...
Parallel execution starts...
2024-06-20T04:48:42.744060Z [par_exec_59] INFO aptos-move/block-executor/src/limit_processor.rs:211 [BlockSTM]: Parallel execution completed. 10000 out of 10000 txns committed {"approx_output_size":0,"block_gas_limit":0,"block_gas_limit_exceeded":false,"block_output_limit":0,"block_output_limit_exceeded":false,"effective_block_gas":229972}
execution_total:24635, validation_total:25081, abort:12634, suspend:14504, avg_suspend_time:25247.14 us, suspend_time_total:366184561.74 us
exec total: 4827958413 
Parallel execution finishes, TPS = 2071
Sequential execution starts...
2024-06-20T04:48:55.789529Z [main] INFO aptos-move/block-executor/src/limit_processor.rs:211 [BlockSTM]: Sequential execution completed. 10000 out of 10000 txns committed {"approx_output_size":0,"block_gas_limit":0,"block_gas_limit_exceeded":false,"block_output_limit":0,"block_output_limit_exceeded":false,"effective_block_gas":229972}
exec total: 13141416356 
Sequential execution finishes, TPS = 760
Parallel TPS: 2071
Sequential TPS: 760
Speed up 2.73x over sequential


============================== finalize ==============================
parallel execution tps: [766,1407,1387,2198,2475,2449,2071]
speed up: [1.00,1.83,1.81,2.86,3.23,3.19,2.70]
sequential execution tps: [767,773,780,772,766,764,760]
