run ballot tasks
============================== taskset in cpu: (0) ==============================
2024-06-19T11:31:40.127838Z [main] WARN crates/node-resource-metrics/src/lib.rs:47 Failed to register collector: Duplicate metrics collector registration attempted
2024-06-19T11:31:40.128472Z [main] INFO crates/aptos-push-metrics/src/lib.rs:99 PUSH_METRICS_ENDPOINT env var is not set. Skipping sending metrics.
2024-06-19T11:31:40.128516Z [main] INFO crates/aptos-push-metrics/src/lib.rs:193 Execution dashboard link: https://aptoslabs.grafana.net/d/execution/execution?from=1718796100128&to=1718796700128&var-Datasource=fHo-R604z&var-metrics_source=All&var-chain_name=block-stm-benchmark&var-cluster=All&var-namespace=1718796700128466241&var-kubernetes_pod_name=All&var-role=All 
2024-06-19T11:31:47.986750Z [main] INFO aptos-move/block-executor/src/limit_processor.rs:211 [BlockSTM]: Sequential execution completed. 1 out of 1 txns committed {"approx_output_size":0,"block_gas_limit":0,"block_gas_limit_exceeded":false,"block_output_limit":0,"block_output_limit_exceeded":false,"effective_block_gas":4}
execute vote for ballot...
Parallel execution starts...
2024-06-19T11:32:26.010401Z [main] INFO aptos-move/block-executor/src/limit_processor.rs:211 [BlockSTM]: Sequential execution completed. 100000 out of 100000 txns committed {"approx_output_size":0,"block_gas_limit":0,"block_gas_limit_exceeded":false,"block_output_limit":0,"block_output_limit_exceeded":false,"effective_block_gas":500000}
exec total: 25807002960 
Parallel execution finishes, TPS = 3874
Sequential execution starts...
2024-06-19T11:32:51.843385Z [main] INFO aptos-move/block-executor/src/limit_processor.rs:211 [BlockSTM]: Sequential execution completed. 100000 out of 100000 txns committed {"approx_output_size":0,"block_gas_limit":0,"block_gas_limit_exceeded":false,"block_output_limit":0,"block_output_limit_exceeded":false,"effective_block_gas":500000}
exec total: 25818943384 
Sequential execution finishes, TPS = 3873
Parallel TPS: 3874
Sequential TPS: 3873
Speed up 1.00x over sequential


============================== taskset in cpu: (0,1) ==============================
2024-06-19T11:33:02.228654Z [main] WARN crates/node-resource-metrics/src/lib.rs:47 Failed to register collector: Duplicate metrics collector registration attempted
2024-06-19T11:33:02.229277Z [main] INFO crates/aptos-push-metrics/src/lib.rs:99 PUSH_METRICS_ENDPOINT env var is not set. Skipping sending metrics.
2024-06-19T11:33:02.229316Z [main] INFO crates/aptos-push-metrics/src/lib.rs:193 Execution dashboard link: https://aptoslabs.grafana.net/d/execution/execution?from=1718796182229&to=1718796782229&var-Datasource=fHo-R604z&var-metrics_source=All&var-chain_name=block-stm-benchmark&var-cluster=All&var-namespace=1718796782229271225&var-kubernetes_pod_name=All&var-role=All 
2024-06-19T11:33:10.137009Z [par_exec_0] INFO aptos-move/block-executor/src/limit_processor.rs:211 [BlockSTM]: Parallel execution completed. 2 out of 2 txns committed {"approx_output_size":0,"block_gas_limit":0,"block_gas_limit_exceeded":false,"block_output_limit":0,"block_output_limit_exceeded":false,"effective_block_gas":8}
execution_total:2, validation_total:2, abort:0, suspend:0, avg_suspend_time:NaN us, suspend_time_total:0.00 us
execute vote for ballot...
Parallel execution starts...
2024-06-19T11:33:40.500719Z [par_exec_0] INFO aptos-move/block-executor/src/limit_processor.rs:211 [BlockSTM]: Parallel execution completed. 100000 out of 100000 txns committed {"approx_output_size":0,"block_gas_limit":0,"block_gas_limit_exceeded":false,"block_output_limit":0,"block_output_limit_exceeded":false,"effective_block_gas":500000}
execution_total:122787, validation_total:122792, abort:22785, suspend:11423, avg_suspend_time:234.40 us, suspend_time_total:2677555.04 us
exec total: 18180535026 
Parallel execution finishes, TPS = 5500
Sequential execution starts...
2024-06-19T11:34:06.060891Z [main] INFO aptos-move/block-executor/src/limit_processor.rs:211 [BlockSTM]: Sequential execution completed. 100000 out of 100000 txns committed {"approx_output_size":0,"block_gas_limit":0,"block_gas_limit_exceeded":false,"block_output_limit":0,"block_output_limit_exceeded":false,"effective_block_gas":500000}
exec total: 25647288592 
Sequential execution finishes, TPS = 3899
Parallel TPS: 5500
Sequential TPS: 3899
Speed up 1.41x over sequential


============================== taskset in cpu: (0,1,2,3) ==============================
2024-06-19T11:34:16.426201Z [main] WARN crates/node-resource-metrics/src/lib.rs:47 Failed to register collector: Duplicate metrics collector registration attempted
2024-06-19T11:34:16.426855Z [main] INFO crates/aptos-push-metrics/src/lib.rs:99 PUSH_METRICS_ENDPOINT env var is not set. Skipping sending metrics.
2024-06-19T11:34:16.426896Z [main] INFO crates/aptos-push-metrics/src/lib.rs:193 Execution dashboard link: https://aptoslabs.grafana.net/d/execution/execution?from=1718796256426&to=1718796856426&var-Datasource=fHo-R604z&var-metrics_source=All&var-chain_name=block-stm-benchmark&var-cluster=All&var-namespace=1718796856426849289&var-kubernetes_pod_name=All&var-role=All 
2024-06-19T11:34:24.409223Z [par_exec_3] INFO aptos-move/block-executor/src/limit_processor.rs:211 [BlockSTM]: Parallel execution completed. 4 out of 4 txns committed {"approx_output_size":0,"block_gas_limit":0,"block_gas_limit_exceeded":false,"block_output_limit":0,"block_output_limit_exceeded":false,"effective_block_gas":16}
execution_total:4, validation_total:4, abort:0, suspend:0, avg_suspend_time:NaN us, suspend_time_total:0.00 us
execute vote for ballot...
Parallel execution starts...
2024-06-19T11:34:46.856885Z [par_exec_0] INFO aptos-move/block-executor/src/limit_processor.rs:211 [BlockSTM]: Parallel execution completed. 100000 out of 100000 txns committed {"approx_output_size":0,"block_gas_limit":0,"block_gas_limit_exceeded":false,"block_output_limit":0,"block_output_limit_exceeded":false,"effective_block_gas":500000}
execution_total:131973, validation_total:132490, abort:31969, suspend:26632, avg_suspend_time:164.82 us, suspend_time_total:4389416.47 us
exec total: 10281578445 
Parallel execution finishes, TPS = 9726
Sequential execution starts...
2024-06-19T11:35:12.286797Z [main] INFO aptos-move/block-executor/src/limit_processor.rs:211 [BlockSTM]: Sequential execution completed. 100000 out of 100000 txns committed {"approx_output_size":0,"block_gas_limit":0,"block_gas_limit_exceeded":false,"block_output_limit":0,"block_output_limit_exceeded":false,"effective_block_gas":500000}
exec total: 25552966339 
Sequential execution finishes, TPS = 3913
Parallel TPS: 9726
Sequential TPS: 3913
Speed up 2.49x over sequential


============================== taskset in cpu: (0,1,2,3,4,5,6,7) ==============================
2024-06-19T11:35:22.659001Z [main] WARN crates/node-resource-metrics/src/lib.rs:47 Failed to register collector: Duplicate metrics collector registration attempted
2024-06-19T11:35:22.659617Z [main] INFO crates/aptos-push-metrics/src/lib.rs:99 PUSH_METRICS_ENDPOINT env var is not set. Skipping sending metrics.
2024-06-19T11:35:22.659658Z [main] INFO crates/aptos-push-metrics/src/lib.rs:193 Execution dashboard link: https://aptoslabs.grafana.net/d/execution/execution?from=1718796322659&to=1718796922659&var-Datasource=fHo-R604z&var-metrics_source=All&var-chain_name=block-stm-benchmark&var-cluster=All&var-namespace=1718796922659611157&var-kubernetes_pod_name=All&var-role=All 
2024-06-19T11:35:30.595917Z [par_exec_4] INFO aptos-move/block-executor/src/limit_processor.rs:211 [BlockSTM]: Parallel execution completed. 8 out of 8 txns committed {"approx_output_size":0,"block_gas_limit":0,"block_gas_limit_exceeded":false,"block_output_limit":0,"block_output_limit_exceeded":false,"effective_block_gas":32}
execution_total:8, validation_total:8, abort:0, suspend:0, avg_suspend_time:NaN us, suspend_time_total:0.00 us
execute vote for ballot...
Parallel execution starts...
2024-06-19T11:35:48.929440Z [par_exec_0] INFO aptos-move/block-executor/src/limit_processor.rs:211 [BlockSTM]: Parallel execution completed. 100000 out of 100000 txns committed {"approx_output_size":0,"block_gas_limit":0,"block_gas_limit_exceeded":false,"block_output_limit":0,"block_output_limit_exceeded":false,"effective_block_gas":500000}
execution_total:137938, validation_total:142767, abort:37930, suspend:30793, avg_suspend_time:219.61 us, suspend_time_total:6762557.10 us
exec total: 6104042260 
Parallel execution finishes, TPS = 16382
Sequential execution starts...
2024-06-19T11:36:13.741576Z [main] INFO aptos-move/block-executor/src/limit_processor.rs:211 [BlockSTM]: Sequential execution completed. 100000 out of 100000 txns committed {"approx_output_size":0,"block_gas_limit":0,"block_gas_limit_exceeded":false,"block_output_limit":0,"block_output_limit_exceeded":false,"effective_block_gas":500000}
exec total: 24983569848 
Sequential execution finishes, TPS = 4002
Parallel TPS: 16382
Sequential TPS: 4002
Speed up 4.09x over sequential


============================== taskset in cpu: (0,1,2,3,4,5,6,7,8,9,10,11,12,13,14,15) ==============================
2024-06-19T11:36:24.200128Z [main] WARN crates/node-resource-metrics/src/lib.rs:47 Failed to register collector: Duplicate metrics collector registration attempted
2024-06-19T11:36:24.200762Z [main] INFO crates/aptos-push-metrics/src/lib.rs:99 PUSH_METRICS_ENDPOINT env var is not set. Skipping sending metrics.
2024-06-19T11:36:24.200802Z [main] INFO crates/aptos-push-metrics/src/lib.rs:193 Execution dashboard link: https://aptoslabs.grafana.net/d/execution/execution?from=1718796384200&to=1718796984200&var-Datasource=fHo-R604z&var-metrics_source=All&var-chain_name=block-stm-benchmark&var-cluster=All&var-namespace=1718796984200755427&var-kubernetes_pod_name=All&var-role=All 
2024-06-19T11:36:32.062921Z [par_exec_6] INFO aptos-move/block-executor/src/limit_processor.rs:211 [BlockSTM]: Parallel execution completed. 16 out of 16 txns committed {"approx_output_size":0,"block_gas_limit":0,"block_gas_limit_exceeded":false,"block_output_limit":0,"block_output_limit_exceeded":false,"effective_block_gas":64}
execution_total:16, validation_total:16, abort:0, suspend:0, avg_suspend_time:NaN us, suspend_time_total:0.00 us
execute vote for ballot...
Parallel execution starts...
2024-06-19T11:36:47.979382Z [par_exec_10] INFO aptos-move/block-executor/src/limit_processor.rs:211 [BlockSTM]: Parallel execution completed. 100000 out of 100000 txns committed {"approx_output_size":0,"block_gas_limit":0,"block_gas_limit_exceeded":false,"block_output_limit":0,"block_output_limit_exceeded":false,"effective_block_gas":500000}
execution_total:144257, validation_total:157241, abort:44241, suspend:32890, avg_suspend_time:277.96 us, suspend_time_total:9142236.75 us
exec total: 3680418174 
Parallel execution finishes, TPS = 27173
Sequential execution starts...
2024-06-19T11:37:13.232770Z [main] INFO aptos-move/block-executor/src/limit_processor.rs:211 [BlockSTM]: Sequential execution completed. 100000 out of 100000 txns committed {"approx_output_size":0,"block_gas_limit":0,"block_gas_limit_exceeded":false,"block_output_limit":0,"block_output_limit_exceeded":false,"effective_block_gas":500000}
exec total: 25558683217 
Sequential execution finishes, TPS = 3912
Parallel TPS: 27173
Sequential TPS: 3912
Speed up 6.95x over sequential


============================== taskset in cpu: (0,1,2,3,4,5,6,7,8,9,10,11,12,13,14,15,16,17,18,19,20,21,22,23,24,25,26,27,28,29,30,31) ==============================
2024-06-19T11:37:23.829348Z [main] WARN crates/node-resource-metrics/src/lib.rs:47 Failed to register collector: Duplicate metrics collector registration attempted
2024-06-19T11:37:23.830005Z [main] INFO crates/aptos-push-metrics/src/lib.rs:99 PUSH_METRICS_ENDPOINT env var is not set. Skipping sending metrics.
2024-06-19T11:37:23.830044Z [main] INFO crates/aptos-push-metrics/src/lib.rs:193 Execution dashboard link: https://aptoslabs.grafana.net/d/execution/execution?from=1718796443830&to=1718797043830&var-Datasource=fHo-R604z&var-metrics_source=All&var-chain_name=block-stm-benchmark&var-cluster=All&var-namespace=1718797043829998995&var-kubernetes_pod_name=All&var-role=All 
2024-06-19T11:37:31.751625Z [par_exec_4] INFO aptos-move/block-executor/src/limit_processor.rs:211 [BlockSTM]: Parallel execution completed. 32 out of 32 txns committed {"approx_output_size":0,"block_gas_limit":0,"block_gas_limit_exceeded":false,"block_output_limit":0,"block_output_limit_exceeded":false,"effective_block_gas":128}
execution_total:32, validation_total:64, abort:0, suspend:0, avg_suspend_time:NaN us, suspend_time_total:0.00 us
execute vote for ballot...
Parallel execution starts...
2024-06-19T11:37:46.300039Z [par_exec_4] INFO aptos-move/block-executor/src/limit_processor.rs:211 [BlockSTM]: Parallel execution completed. 100000 out of 100000 txns committed {"approx_output_size":0,"block_gas_limit":0,"block_gas_limit_exceeded":false,"block_output_limit":0,"block_output_limit_exceeded":false,"effective_block_gas":500000}
execution_total:148000, validation_total:173883, abort:47968, suspend:31601, avg_suspend_time:328.86 us, suspend_time_total:10392413.90 us
exec total: 2376847599 
Parallel execution finishes, TPS = 42087
Sequential execution starts...
2024-06-19T11:38:11.932851Z [main] INFO aptos-move/block-executor/src/limit_processor.rs:211 [BlockSTM]: Sequential execution completed. 100000 out of 100000 txns committed {"approx_output_size":0,"block_gas_limit":0,"block_gas_limit_exceeded":false,"block_output_limit":0,"block_output_limit_exceeded":false,"effective_block_gas":500000}
exec total: 26069511394 
Sequential execution finishes, TPS = 3835
Parallel TPS: 42087
Sequential TPS: 3835
Speed up 10.97x over sequential


============================== taskset in cpu: (0,1,2,3,4,5,6,7,8,9,10,11,12,13,14,15,16,17,18,19,20,21,22,23,24,25,26,27,28,29,30,31,32,33,34,35,36,37,38,39,40,41,42,43,44,45,46,47,48,49,50,51,52,53,54,55,56,57,58,59,60,61,62,63) ==============================
2024-06-19T11:38:22.887288Z [main] WARN crates/node-resource-metrics/src/lib.rs:47 Failed to register collector: Duplicate metrics collector registration attempted
2024-06-19T11:38:22.887947Z [main] INFO crates/aptos-push-metrics/src/lib.rs:99 PUSH_METRICS_ENDPOINT env var is not set. Skipping sending metrics.
2024-06-19T11:38:22.887995Z [main] INFO crates/aptos-push-metrics/src/lib.rs:193 Execution dashboard link: https://aptoslabs.grafana.net/d/execution/execution?from=1718796502887&to=1718797102887&var-Datasource=fHo-R604z&var-metrics_source=All&var-chain_name=block-stm-benchmark&var-cluster=All&var-namespace=1718797102887940589&var-kubernetes_pod_name=All&var-role=All 
2024-06-19T11:38:31.020196Z [par_exec_23] INFO aptos-move/block-executor/src/limit_processor.rs:211 [BlockSTM]: Parallel execution completed. 64 out of 64 txns committed {"approx_output_size":0,"block_gas_limit":0,"block_gas_limit_exceeded":false,"block_output_limit":0,"block_output_limit_exceeded":false,"effective_block_gas":256}
execution_total:64, validation_total:65, abort:0, suspend:0, avg_suspend_time:NaN us, suspend_time_total:0.00 us
execute vote for ballot...
Parallel execution starts...
2024-06-19T11:38:45.594959Z [par_exec_10] INFO aptos-move/block-executor/src/limit_processor.rs:211 [BlockSTM]: Parallel execution completed. 100000 out of 100000 txns committed {"approx_output_size":0,"block_gas_limit":0,"block_gas_limit_exceeded":false,"block_output_limit":0,"block_output_limit_exceeded":false,"effective_block_gas":500000}
execution_total:154958, validation_total:196158, abort:54894, suspend:27915, avg_suspend_time:641.67 us, suspend_time_total:17912213.39 us
exec total: 2417411942 
Parallel execution finishes, TPS = 41373
Sequential execution starts...
2024-06-19T11:39:10.796177Z [main] INFO aptos-move/block-executor/src/limit_processor.rs:211 [BlockSTM]: Sequential execution completed. 100000 out of 100000 txns committed {"approx_output_size":0,"block_gas_limit":0,"block_gas_limit_exceeded":false,"block_output_limit":0,"block_output_limit_exceeded":false,"effective_block_gas":500000}
exec total: 26039026235 
Sequential execution finishes, TPS = 3840
Parallel TPS: 41373
Sequential TPS: 3840
Speed up 10.77x over sequential



============================== finalize ==============================
parallel execution tps: [3874,5500,9726,16382,27173,42087,41373]
speed up: [1.00,1.41,2.51,4.22,7.01,10.86,10.67]
sequential execution tps: [3873,3899,3913,4002,3912,3835,3840]
