run ERC20 task
[0mPhysical CPU core: 128, Logic CPU core: 256
[0m[1;32mExecution Engine Initialized, <PREDA Native Build> v0.0.1, PREDA DevTeam
[0m[0mRepository: /home/dengliang/.preda/chsimu_repo/native, Module: ./preda_engine (PREDA_NATIVE)

[0m[0m[PRD]: Chain initialized with 1 shard(s), in sync-sharding mode
[0m[0m[PRD]: 100000 addresses added and evenly distributed in shards
[0m[0m[PRD]: Compiling 1 contract(s), target=PREDA_NATIVE
[0m[0m[PRD]: Linking 1 contract(s), target=PREDA_NATIVE
[0m[1;32m[HIGHLIGHT] ERC20 test
[0m[0mPerparing test transactions
[0m[0m[PRD]: Shd#g:	h:1 txn:0/0/1 addr:0
[0m[0m[PRD]: Shd#0:	h:1 txn:100000/0/0 addr:100000
[0m[0m[PRD]: Total Txn:100000/1
[0m[0mExecuting
[0m[0m[PRD]: Stopwatch restarted
[0m[1;32m[PRD]: Stopwatch: 12345 msec
[PRD]: Order: 0, TPS:8100, uTPS:16200
[0m[0mPhysical CPU core: 128, Logic CPU core: 256
[0m[1;32mExecution Engine Initialized, <PREDA Native Build> v0.0.1, PREDA DevTeam
[0m[0mRepository: /home/dengliang/.preda/chsimu_repo/native, Module: ./preda_engine (PREDA_NATIVE)

[0m[0m[PRD]: Chain initialized with 2 shard(s), in sync-sharding mode
[0m[0m[PRD]: 100000 addresses added and evenly distributed in shards
[0m[0m[PRD]: Compiling 1 contract(s), target=PREDA_NATIVE
[0m[0m[PRD]: Linking 1 contract(s), target=PREDA_NATIVE
[0m[1;32m[HIGHLIGHT] ERC20 test
[0m[0mPerparing test transactions
[0m[0m[PRD]: Shd#g:	h:1 txn:0/0/1 addr:0
[0m[0m[PRD]: Shd#0:	h:1 txn:50005/0/0 addr:50000
[0m[0m[PRD]: Shd#1:	h:1 txn:49995/0/0 addr:50000
[0m[0m[PRD]: Total Txn:100000/1
[0m[0mExecuting
[0m[0m[PRD]: Stopwatch restarted
[0m[1;32m[PRD]: Stopwatch: 6135 msec
[PRD]: Order: 1, TPS:16299, uTPS:32599
[0m[0mPhysical CPU core: 128, Logic CPU core: 256
[0m[1;32mExecution Engine Initialized, <PREDA Native Build> v0.0.1, PREDA DevTeam
[0m[0mRepository: /home/dengliang/.preda/chsimu_repo/native, Module: ./preda_engine (PREDA_NATIVE)

[0m[0m[PRD]: Chain initialized with 4 shard(s), in sync-sharding mode
[0m[0m[PRD]: 100000 addresses added and evenly distributed in shards
[0m[0m[PRD]: Compiling 1 contract(s), target=PREDA_NATIVE
[0m[0m[PRD]: Linking 1 contract(s), target=PREDA_NATIVE
[0m[1;32m[HIGHLIGHT] ERC20 test
[0m[0mPerparing test transactions
[0m[0m[PRD]: Shd#g:	h:1 txn:0/0/1 addr:0
[0m[0m[PRD]: Shd#0:	h:1 txn:25048/0/0 addr:25000
[0m[0m[PRD]: Shd#1:	h:1 txn:24869/0/0 addr:25000
[0m[0m[PRD]: Shd#2:	h:1 txn:25087/0/0 addr:25000
[0m[0m[PRD]: Shd#3:	h:1 txn:24996/0/0 addr:25000
[0m[0m[PRD]: Total Txn:100000/1
[0m[0mExecuting
[0m[0m[PRD]: Stopwatch restarted
[0m[1;32m[PRD]: Stopwatch: 3071 msec
[PRD]: Order: 2, TPS:32562, uTPS:65125
[0m[0mPhysical CPU core: 128, Logic CPU core: 256
[0m[1;32mExecution Engine Initialized, <PREDA Native Build> v0.0.1, PREDA DevTeam
[0m[0mRepository: /home/dengliang/.preda/chsimu_repo/native, Module: ./preda_engine (PREDA_NATIVE)

[0m[0m[PRD]: Chain initialized with 8 shard(s), in sync-sharding mode
[0m[0m[PRD]: 100000 addresses added and evenly distributed in shards
[0m[0m[PRD]: Compiling 1 contract(s), target=PREDA_NATIVE
[0m[0m[PRD]: Linking 1 contract(s), target=PREDA_NATIVE
[0m[1;32m[HIGHLIGHT] ERC20 test
[0m[0mPerparing test transactions
[0m[0m[PRD]: Shd#g:	h:1 txn:0/0/1 addr:0
[0m[0m[PRD]: Shd#0:	h:1 txn:12483/0/0 addr:12500
[0m[0m[PRD]: Shd#1:	h:1 txn:12545/0/0 addr:12500
[0m[0m[PRD]: Shd#2:	h:1 txn:12563/0/0 addr:12500
[0m[0m[PRD]: Shd#3:	h:1 txn:12535/0/0 addr:12500
[0m[0m[PRD]: Shd#4:	h:1 txn:12518/0/0 addr:12500
[0m[0m[PRD]: Shd#5:	h:1 txn:12432/0/0 addr:12500
[0m[0m[PRD]: Shd#6:	h:1 txn:12547/0/0 addr:12500
[0m[0m[PRD]: Shd#7:	h:1 txn:12377/0/0 addr:12500
[0m[0m[PRD]: Total Txn:100000/1
[0m[0mExecuting
[0m[0m[PRD]: Stopwatch restarted
[0m[1;32m[PRD]: Stopwatch: 1531 msec
[PRD]: Order: 3, TPS:65316, uTPS:130633
[0m[0mPhysical CPU core: 128, Logic CPU core: 256
[0m[1;32mExecution Engine Initialized, <PREDA Native Build> v0.0.1, PREDA DevTeam
[0m[0mRepository: /home/dengliang/.preda/chsimu_repo/native, Module: ./preda_engine (PREDA_NATIVE)

[0m[0m[PRD]: Chain initialized with 16 shard(s), in sync-sharding mode
[0m[0m[PRD]: 100000 addresses added and evenly distributed in shards
[0m[0m[PRD]: Compiling 1 contract(s), target=PREDA_NATIVE
[0m[0m[PRD]: Linking 1 contract(s), target=PREDA_NATIVE
[0m[1;32m[HIGHLIGHT] ERC20 test
[0m[0mPerparing test transactions
[0m[0m[PRD]: Shd#g:	h:1 txn:0/0/1 addr:0
[0m[0m[PRD]: Shd#0:	h:1 txn:6240/0/0 addr:6250
[0m[0m[PRD]: Shd#1:	h:1 txn:6288/0/0 addr:6250
[0m[0m[PRD]: Shd#2:	h:1 txn:6197/0/0 addr:6250
[0m[0m[PRD]: Shd#3:	h:1 txn:6205/0/0 addr:6250
[0m[0m[PRD]: Shd#4:	h:1 txn:6104/0/0 addr:6250
[0m[0m[PRD]: Shd#5:	h:1 txn:6318/0/0 addr:6250
[0m[0m[PRD]: Shd#6:	h:1 txn:6253/0/0 addr:6250
[0m[0m[PRD]: Shd#7:	h:1 txn:6260/0/0 addr:6250
[0m[0m[PRD]: Shd#8:	h:1 txn:6371/0/0 addr:6250
[0m[0m[PRD]: Shd#9:	h:1 txn:6248/0/0 addr:6250
[0m[0m[PRD]: Shd#10:	h:1 txn:6268/0/0 addr:6250
[0m[0m[PRD]: Shd#11:	h:1 txn:6100/0/0 addr:6250
[0m[0m[PRD]: Shd#12:	h:1 txn:6219/0/0 addr:6250
[0m[0m[PRD]: Shd#13:	h:1 txn:6378/0/0 addr:6250
[0m[0m[PRD]: Shd#14:	h:1 txn:6333/0/0 addr:6250
[0m[0m[PRD]: Shd#15:	h:1 txn:6218/0/0 addr:6250
[0m[0m[PRD]: Total Txn:100000/1
[0m[0mExecuting
[0m[0m[PRD]: Stopwatch restarted
[0m[1;32m[PRD]: Stopwatch: 796 msec
[PRD]: Order: 4, TPS:125628, uTPS:251256
[0m[0mPhysical CPU core: 128, Logic CPU core: 256
[0m[1;32mExecution Engine Initialized, <PREDA Native Build> v0.0.1, PREDA DevTeam
[0m[0mRepository: /home/dengliang/.preda/chsimu_repo/native, Module: ./preda_engine (PREDA_NATIVE)

[0m[0m[PRD]: Chain initialized with 32 shard(s), in sync-sharding mode
[0m[0m[PRD]: 100000 addresses added and evenly distributed in shards
[0m[0m[PRD]: Compiling 1 contract(s), target=PREDA_NATIVE
[0m[0m[PRD]: Linking 1 contract(s), target=PREDA_NATIVE
[0m[1;32m[HIGHLIGHT] ERC20 test
[0m[0mPerparing test transactions
[0m[0m[PRD]: Shd#g:	h:1 txn:0/0/1 addr:0
[0m[0m[PRD]: Shd#0:	h:1 txn:3105/0/0 addr:3125
[0m[0m[PRD]: Shd#1:	h:1 txn:3117/0/0 addr:3125
[0m[0m[PRD]: Shd#2:	h:1 txn:3139/0/0 addr:3125
[0m[0m[PRD]: Shd#3:	h:1 txn:2999/0/0 addr:3125
[0m[0m[PRD]: Shd#4:	h:1 txn:3115/0/0 addr:3125
[0m[0m[PRD]: Shd#5:	h:1 txn:3100/0/0 addr:3125
[0m[0m[PRD]: Shd#6:	h:1 txn:3037/0/0 addr:3125
[0m[0m[PRD]: Shd#7:	h:1 txn:3211/0/0 addr:3125
[0m[0m[PRD]: Shd#8:	h:1 txn:3112/0/0 addr:3125
[0m[0m[PRD]: Shd#9:	h:1 txn:3201/0/0 addr:3125
[0m[0m[PRD]: Shd#10:	h:1 txn:3198/0/0 addr:3125
[0m[0m[PRD]: Shd#11:	h:1 txn:3119/0/0 addr:3125
[0m[0m[PRD]: Shd#12:	h:1 txn:3108/0/0 addr:3125
[0m[0m[PRD]: Shd#13:	h:1 txn:3065/0/0 addr:3125
[0m[0m[PRD]: Shd#14:	h:1 txn:3125/0/0 addr:3125
[0m[0m[PRD]: Shd#15:	h:1 txn:3027/0/0 addr:3125
[0m[0m[PRD]: Shd#16:	h:1 txn:3171/0/0 addr:3125
[0m[0m[PRD]: Shd#17:	h:1 txn:3132/0/0 addr:3125
[0m[0m[PRD]: Shd#18:	h:1 txn:3019/0/0 addr:3125
[0m[0m[PRD]: Shd#19:	h:1 txn:3120/0/0 addr:3125
[0m[0m[PRD]: Shd#20:	h:1 txn:3124/0/0 addr:3125
[0m[0m[PRD]: Shd#21:	h:1 txn:3242/0/0 addr:3125
[0m[0m[PRD]: Shd#22:	h:1 txn:3185/0/0 addr:3125
[0m[0m[PRD]: Shd#23:	h:1 txn:3236/0/0 addr:3125
[0m[0m[PRD]: Shd#24:	h:1 txn:3166/0/0 addr:3125
[0m[0m[PRD]: Shd#25:	h:1 txn:3120/0/0 addr:3125
[0m[0m[PRD]: Shd#26:	h:1 txn:3028/0/0 addr:3125
[0m[0m[PRD]: Shd#27:	h:1 txn:3078/0/0 addr:3125
[0m[0m[PRD]: Shd#28:	h:1 txn:3069/0/0 addr:3125
[0m[0m[PRD]: Shd#29:	h:1 txn:3069/0/0 addr:3125
[0m[0m[PRD]: Shd#30:	h:1 txn:3199/0/0 addr:3125
[0m[0m[PRD]: Shd#31:	h:1 txn:3264/0/0 addr:3125
[0m[0m[PRD]: Total Txn:100000/1
[0m[0mExecuting
[0m[0m[PRD]: Stopwatch restarted
[0m[1;32m[PRD]: Stopwatch: 412 msec
[PRD]: Order: 5, TPS:242718, uTPS:485436
[0m[0mPhysical CPU core: 128, Logic CPU core: 256
[0m[1;32mExecution Engine Initialized, <PREDA Native Build> v0.0.1, PREDA DevTeam
[0m[0mRepository: /home/dengliang/.preda/chsimu_repo/native, Module: ./preda_engine (PREDA_NATIVE)

[0m[0m[PRD]: Chain initialized with 64 shard(s), in sync-sharding mode
[0m[0m[PRD]: 100032 addresses added and evenly distributed in shards
[0m[0m[PRD]: Compiling 1 contract(s), target=PREDA_NATIVE
[0m[0m[PRD]: Linking 1 contract(s), target=PREDA_NATIVE
[0m[1;32m[HIGHLIGHT] ERC20 test
[0m[0mPerparing test transactions
[0m[0m[PRD]: Shd#g:	h:1 txn:0/0/1 addr:0
[0m[0m[PRD]: Shd#0:	h:1 txn:1590/0/0 addr:1563
[0m[0m[PRD]: Shd#1:	h:1 txn:1584/0/0 addr:1563
[0m[0m[PRD]: Shd#2:	h:1 txn:1605/0/0 addr:1563
[0m[0m[PRD]: Shd#3:	h:1 txn:1551/0/0 addr:1563
[0m[0m[PRD]: Shd#4:	h:1 txn:1607/0/0 addr:1563
[0m[0m[PRD]: Shd#5:	h:1 txn:1554/0/0 addr:1563
[0m[0m[PRD]: Shd#6:	h:1 txn:1632/0/0 addr:1563
[0m[0m[PRD]: Shd#7:	h:1 txn:1635/0/0 addr:1563
[0m[0m[PRD]: Shd#8:	h:1 txn:1479/0/0 addr:1563
[0m[0m[PRD]: Shd#9:	h:1 txn:1519/0/0 addr:1563
[0m[0m[PRD]: Shd#10:	h:1 txn:1564/0/0 addr:1563
[0m[0m[PRD]: Shd#11:	h:1 txn:1565/0/0 addr:1563
[0m[0m[PRD]: Shd#12:	h:1 txn:1559/0/0 addr:1563
[0m[0m[PRD]: Shd#13:	h:1 txn:1552/0/0 addr:1563
[0m[0m[PRD]: Shd#14:	h:1 txn:1493/0/0 addr:1563
[0m[0m[PRD]: Shd#15:	h:1 txn:1539/0/0 addr:1563
[0m[0m[PRD]: Shd#16:	h:1 txn:1546/0/0 addr:1563
[0m[0m[PRD]: Shd#17:	h:1 txn:1555/0/0 addr:1563
[0m[0m[PRD]: Shd#18:	h:1 txn:1594/0/0 addr:1563
[0m[0m[PRD]: Shd#19:	h:1 txn:1584/0/0 addr:1563
[0m[0m[PRD]: Shd#20:	h:1 txn:1598/0/0 addr:1563
[0m[0m[PRD]: Shd#21:	h:1 txn:1574/0/0 addr:1563
[0m[0m[PRD]: Shd#22:	h:1 txn:1498/0/0 addr:1563
[0m[0m[PRD]: Shd#23:	h:1 txn:1545/0/0 addr:1563
[0m[0m[PRD]: Shd#24:	h:1 txn:1617/0/0 addr:1563
[0m[0m[PRD]: Shd#25:	h:1 txn:1590/0/0 addr:1563
[0m[0m[PRD]: Shd#26:	h:1 txn:1579/0/0 addr:1563
[0m[0m[PRD]: Shd#27:	h:1 txn:1551/0/0 addr:1563
[0m[0m[PRD]: Shd#28:	h:1 txn:1625/0/0 addr:1563
[0m[0m[PRD]: Shd#29:	h:1 txn:1567/0/0 addr:1563
[0m[0m[PRD]: Shd#30:	h:1 txn:1505/0/0 addr:1563
[0m[0m[PRD]: Shd#31:	h:1 txn:1543/0/0 addr:1563
[0m[0m[PRD]: Shd#32:	h:1 txn:1564/0/0 addr:1563
[0m[0m[PRD]: Shd#33:	h:1 txn:1600/0/0 addr:1563
[0m[0m[PRD]: Shd#34:	h:1 txn:1534/0/0 addr:1563
[0m[0m[PRD]: Shd#35:	h:1 txn:1545/0/0 addr:1563
[0m[0m[PRD]: Shd#36:	h:1 txn:1534/0/0 addr:1563
[0m[0m[PRD]: Shd#37:	h:1 txn:1586/0/0 addr:1563
[0m[0m[PRD]: Shd#38:	h:1 txn:1568/0/0 addr:1563
[0m[0m[PRD]: Shd#39:	h:1 txn:1579/0/0 addr:1563
[0m[0m[PRD]: Shd#40:	h:1 txn:1498/0/0 addr:1563
[0m[0m[PRD]: Shd#41:	h:1 txn:1566/0/0 addr:1563
[0m[0m[PRD]: Shd#42:	h:1 txn:1608/0/0 addr:1563
[0m[0m[PRD]: Shd#43:	h:1 txn:1580/0/0 addr:1563
[0m[0m[PRD]: Shd#44:	h:1 txn:1596/0/0 addr:1563
[0m[0m[PRD]: Shd#45:	h:1 txn:1512/0/0 addr:1563
[0m[0m[PRD]: Shd#46:	h:1 txn:1528/0/0 addr:1563
[0m[0m[PRD]: Shd#47:	h:1 txn:1567/0/0 addr:1563
[0m[0m[PRD]: Shd#48:	h:1 txn:1559/0/0 addr:1563
[0m[0m[PRD]: Shd#49:	h:1 txn:1566/0/0 addr:1563
[0m[0m[PRD]: Shd#50:	h:1 txn:1536/0/0 addr:1563
[0m[0m[PRD]: Shd#51:	h:1 txn:1592/0/0 addr:1563
[0m[0m[PRD]: Shd#52:	h:1 txn:1581/0/0 addr:1563
[0m[0m[PRD]: Shd#53:	h:1 txn:1553/0/0 addr:1563
[0m[0m[PRD]: Shd#54:	h:1 txn:1589/0/0 addr:1563
[0m[0m[PRD]: Shd#55:	h:1 txn:1545/0/0 addr:1563
[0m[0m[PRD]: Shd#56:	h:1 txn:1537/0/0 addr:1563
[0m[0m[PRD]: Shd#57:	h:1 txn:1531/0/0 addr:1563
[0m[0m[PRD]: Shd#58:	h:1 txn:1591/0/0 addr:1563
[0m[0m[PRD]: Shd#59:	h:1 txn:1540/0/0 addr:1563
[0m[0m[PRD]: Shd#60:	h:1 txn:1552/0/0 addr:1563
[0m[0m[PRD]: Shd#61:	h:1 txn:1581/0/0 addr:1563
[0m[0m[PRD]: Shd#62:	h:1 txn:1536/0/0 addr:1563
[0m[0m[PRD]: Shd#63:	h:1 txn:1547/0/0 addr:1563
[0m[0m[PRD]: Total Txn:100000/1
[0m[0mExecuting
[0m[0m[PRD]: Stopwatch restarted
[0m[1;32m[PRD]: Stopwatch: 233 msec
[PRD]: Order: 6, TPS:429184, uTPS:858369
[0m[0mPhysical CPU core: 128, Logic CPU core: 256
[0m[1;32mExecution Engine Initialized, <PREDA Native Build> v0.0.1, PREDA DevTeam
[0m[0mRepository: /home/dengliang/.preda/chsimu_repo/native, Module: ./preda_engine (PREDA_NATIVE)

[0m[0m[PRD]: Chain initialized with 128 shard(s), in sync-sharding mode
[0m[0m[PRD]: 100096 addresses added and evenly distributed in shards
[0m[0m[PRD]: Compiling 1 contract(s), target=PREDA_NATIVE
[0m[0m[PRD]: Linking 1 contract(s), target=PREDA_NATIVE
[0m[1;32m[HIGHLIGHT] ERC20 test
[0m[0mPerparing test transactions
[0m[0m[PRD]: Shd#g:	h:1 txn:0/0/1 addr:0
[0m[0m[PRD]: Shd#0:	h:1 txn:774/0/0 addr:782
[0m[0m[PRD]: Shd#1:	h:1 txn:776/0/0 addr:782
[0m[0m[PRD]: Shd#2:	h:1 txn:749/0/0 addr:782
[0m[0m[PRD]: Shd#3:	h:1 txn:787/0/0 addr:782
[0m[0m[PRD]: Shd#4:	h:1 txn:749/0/0 addr:782
[0m[0m[PRD]: Shd#5:	h:1 txn:795/0/0 addr:782
[0m[0m[PRD]: Shd#6:	h:1 txn:804/0/0 addr:782
[0m[0m[PRD]: Shd#7:	h:1 txn:789/0/0 addr:782
[0m[0m[PRD]: Shd#8:	h:1 txn:777/0/0 addr:782
[0m[0m[PRD]: Shd#9:	h:1 txn:742/0/0 addr:782
[0m[0m[PRD]: Shd#10:	h:1 txn:792/0/0 addr:782
[0m[0m[PRD]: Shd#11:	h:1 txn:783/0/0 addr:782
[0m[0m[PRD]: Shd#12:	h:1 txn:808/0/0 addr:782
[0m[0m[PRD]: Shd#13:	h:1 txn:775/0/0 addr:782
[0m[0m[PRD]: Shd#14:	h:1 txn:774/0/0 addr:782
[0m[0m[PRD]: Shd#15:	h:1 txn:771/0/0 addr:782
[0m[0m[PRD]: Shd#16:	h:1 txn:815/0/0 addr:782
[0m[0m[PRD]: Shd#17:	h:1 txn:777/0/0 addr:782
[0m[0m[PRD]: Shd#18:	h:1 txn:777/0/0 addr:782
[0m[0m[PRD]: Shd#19:	h:1 txn:746/0/0 addr:782
[0m[0m[PRD]: Shd#20:	h:1 txn:762/0/0 addr:782
[0m[0m[PRD]: Shd#21:	h:1 txn:798/0/0 addr:782
[0m[0m[PRD]: Shd#22:	h:1 txn:806/0/0 addr:782
[0m[0m[PRD]: Shd#23:	h:1 txn:845/0/0 addr:782
[0m[0m[PRD]: Shd#24:	h:1 txn:769/0/0 addr:782
[0m[0m[PRD]: Shd#25:	h:1 txn:756/0/0 addr:782
[0m[0m[PRD]: Shd#26:	h:1 txn:801/0/0 addr:782
[0m[0m[PRD]: Shd#27:	h:1 txn:788/0/0 addr:782
[0m[0m[PRD]: Shd#28:	h:1 txn:761/0/0 addr:782
[0m[0m[PRD]: Shd#29:	h:1 txn:760/0/0 addr:782
[0m[0m[PRD]: Shd#30:	h:1 txn:755/0/0 addr:782
[0m[0m[PRD]: Shd#31:	h:1 txn:776/0/0 addr:782
[0m[0m[PRD]: Shd#32:	h:1 txn:811/0/0 addr:782
[0m[0m[PRD]: Shd#33:	h:1 txn:743/0/0 addr:782
[0m[0m[PRD]: Shd#34:	h:1 txn:740/0/0 addr:782
[0m[0m[PRD]: Shd#35:	h:1 txn:842/0/0 addr:782
[0m[0m[PRD]: Shd#36:	h:1 txn:801/0/0 addr:782
[0m[0m[PRD]: Shd#37:	h:1 txn:756/0/0 addr:782
[0m[0m[PRD]: Shd#38:	h:1 txn:816/0/0 addr:782
[0m[0m[PRD]: Shd#39:	h:1 txn:780/0/0 addr:782
[0m[0m[PRD]: Shd#40:	h:1 txn:782/0/0 addr:782
[0m[0m[PRD]: Shd#41:	h:1 txn:775/0/0 addr:782
[0m[0m[PRD]: Shd#42:	h:1 txn:754/0/0 addr:782
[0m[0m[PRD]: Shd#43:	h:1 txn:774/0/0 addr:782
[0m[0m[PRD]: Shd#44:	h:1 txn:801/0/0 addr:782
[0m[0m[PRD]: Shd#45:	h:1 txn:789/0/0 addr:782
[0m[0m[PRD]: Shd#46:	h:1 txn:827/0/0 addr:782
[0m[0m[PRD]: Shd#47:	h:1 txn:797/0/0 addr:782
[0m[0m[PRD]: Shd#48:	h:1 txn:843/0/0 addr:782
[0m[0m[PRD]: Shd#49:	h:1 txn:774/0/0 addr:782
[0m[0m[PRD]: Shd#50:	h:1 txn:786/0/0 addr:782
[0m[0m[PRD]: Shd#51:	h:1 txn:803/0/0 addr:782
[0m[0m[PRD]: Shd#52:	h:1 txn:814/0/0 addr:782
[0m[0m[PRD]: Shd#53:	h:1 txn:815/0/0 addr:782
[0m[0m[PRD]: Shd#54:	h:1 txn:786/0/0 addr:782
[0m[0m[PRD]: Shd#55:	h:1 txn:750/0/0 addr:782
[0m[0m[PRD]: Shd#56:	h:1 txn:818/0/0 addr:782
[0m[0m[PRD]: Shd#57:	h:1 txn:815/0/0 addr:782
[0m[0m[PRD]: Shd#58:	h:1 txn:788/0/0 addr:782
[0m[0m[PRD]: Shd#59:	h:1 txn:800/0/0 addr:782
[0m[0m[PRD]: Shd#60:	h:1 txn:797/0/0 addr:782
[0m[0m[PRD]: Shd#61:	h:1 txn:822/0/0 addr:782
[0m[0m[PRD]: Shd#62:	h:1 txn:749/0/0 addr:782
[0m[0m[PRD]: Shd#63:	h:1 txn:803/0/0 addr:782
[0m[0m[PRD]: Shd#64:	h:1 txn:766/0/0 addr:782
[0m[0m[PRD]: Shd#65:	h:1 txn:738/0/0 addr:782
[0m[0m[PRD]: Shd#66:	h:1 txn:787/0/0 addr:782
[0m[0m[PRD]: Shd#67:	h:1 txn:780/0/0 addr:782
[0m[0m[PRD]: Shd#68:	h:1 txn:770/0/0 addr:782
[0m[0m[PRD]: Shd#69:	h:1 txn:758/0/0 addr:782
[0m[0m[PRD]: Shd#70:	h:1 txn:804/0/0 addr:782
[0m[0m[PRD]: Shd#71:	h:1 txn:788/0/0 addr:782
[0m[0m[PRD]: Shd#72:	h:1 txn:790/0/0 addr:782
[0m[0m[PRD]: Shd#73:	h:1 txn:783/0/0 addr:782
[0m[0m[PRD]: Shd#74:	h:1 txn:771/0/0 addr:782
[0m[0m[PRD]: Shd#75:	h:1 txn:765/0/0 addr:782
[0m[0m[PRD]: Shd#76:	h:1 txn:763/0/0 addr:782
[0m[0m[PRD]: Shd#77:	h:1 txn:767/0/0 addr:782
[0m[0m[PRD]: Shd#78:	h:1 txn:764/0/0 addr:782
[0m[0m[PRD]: Shd#79:	h:1 txn:750/0/0 addr:782
[0m[0m[PRD]: Shd#80:	h:1 txn:786/0/0 addr:782
[0m[0m[PRD]: Shd#81:	h:1 txn:794/0/0 addr:782
[0m[0m[PRD]: Shd#82:	h:1 txn:756/0/0 addr:782
[0m[0m[PRD]: Shd#83:	h:1 txn:792/0/0 addr:782
[0m[0m[PRD]: Shd#84:	h:1 txn:811/0/0 addr:782
[0m[0m[PRD]: Shd#85:	h:1 txn:775/0/0 addr:782
[0m[0m[PRD]: Shd#86:	h:1 txn:812/0/0 addr:782
[0m[0m[PRD]: Shd#87:	h:1 txn:836/0/0 addr:782
[0m[0m[PRD]: Shd#88:	h:1 txn:776/0/0 addr:782
[0m[0m[PRD]: Shd#89:	h:1 txn:740/0/0 addr:782
[0m[0m[PRD]: Shd#90:	h:1 txn:782/0/0 addr:782
[0m[0m[PRD]: Shd#91:	h:1 txn:773/0/0 addr:782
[0m[0m[PRD]: Shd#92:	h:1 txn:780/0/0 addr:782
[0m[0m[PRD]: Shd#93:	h:1 txn:756/0/0 addr:782
[0m[0m[PRD]: Shd#94:	h:1 txn:769/0/0 addr:782
[0m[0m[PRD]: Shd#95:	h:1 txn:828/0/0 addr:782
[0m[0m[PRD]: Shd#96:	h:1 txn:781/0/0 addr:782
[0m[0m[PRD]: Shd#97:	h:1 txn:750/0/0 addr:782
[0m[0m[PRD]: Shd#98:	h:1 txn:765/0/0 addr:782
[0m[0m[PRD]: Shd#99:	h:1 txn:760/0/0 addr:782
[0m[0m[PRD]: Shd#100:	h:1 txn:755/0/0 addr:782
[0m[0m[PRD]: Shd#101:	h:1 txn:776/0/0 addr:782
[0m[0m[PRD]: Shd#102:	h:1 txn:795/0/0 addr:782
[0m[0m[PRD]: Shd#103:	h:1 txn:750/0/0 addr:782
[0m[0m[PRD]: Shd#104:	h:1 txn:794/0/0 addr:782
[0m[0m[PRD]: Shd#105:	h:1 txn:797/0/0 addr:782
[0m[0m[PRD]: Shd#106:	h:1 txn:789/0/0 addr:782
[0m[0m[PRD]: Shd#107:	h:1 txn:746/0/0 addr:782
[0m[0m[PRD]: Shd#108:	h:1 txn:779/0/0 addr:782
[0m[0m[PRD]: Shd#109:	h:1 txn:794/0/0 addr:782
[0m[0m[PRD]: Shd#110:	h:1 txn:742/0/0 addr:782
[0m[0m[PRD]: Shd#111:	h:1 txn:814/0/0 addr:782
[0m[0m[PRD]: Shd#112:	h:1 txn:782/0/0 addr:782
[0m[0m[PRD]: Shd#113:	h:1 txn:758/0/0 addr:782
[0m[0m[PRD]: Shd#114:	h:1 txn:771/0/0 addr:782
[0m[0m[PRD]: Shd#115:	h:1 txn:771/0/0 addr:782
[0m[0m[PRD]: Shd#116:	h:1 txn:733/0/0 addr:782
[0m[0m[PRD]: Shd#117:	h:1 txn:726/0/0 addr:782
[0m[0m[PRD]: Shd#118:	h:1 txn:793/0/0 addr:782
[0m[0m[PRD]: Shd#119:	h:1 txn:803/0/0 addr:782
[0m[0m[PRD]: Shd#120:	h:1 txn:789/0/0 addr:782
[0m[0m[PRD]: Shd#121:	h:1 txn:825/0/0 addr:782
[0m[0m[PRD]: Shd#122:	h:1 txn:788/0/0 addr:782
[0m[0m[PRD]: Shd#123:	h:1 txn:774/0/0 addr:782
[0m[0m[PRD]: Shd#124:	h:1 txn:725/0/0 addr:782
[0m[0m[PRD]: Shd#125:	h:1 txn:756/0/0 addr:782
[0m[0m[PRD]: Shd#126:	h:1 txn:804/0/0 addr:782
[0m[0m[PRD]: Shd#127:	h:1 txn:817/0/0 addr:782
[0m[0m[PRD]: Total Txn:100000/1
[0m[0mExecuting
[0m[0m[PRD]: Stopwatch restarted
[0m[1;32m[PRD]: Stopwatch: 159 msec
[PRD]: Order: 7, TPS:628930, uTPS:1257861
[0m


============================== finalize ==============================
parallel execution tps: [8100,16299,32562,65316,125628,242718,429184,628930]
speed up: [1.00,2.01,4.02,8.06,15.50,29.96,52.98,77.64]
